Symlinking /home/wolftech/lxiang3.lab/Desktop/sdu6/gaussian-splatting-slam/submodules/ros_workspace/devel/include/gs_slam_msgs/visual_merged_msg.h
Linked: (/home/wolftech/lxiang3.lab/Desktop/sdu6/gaussian-splatting-slam/submodules/ros_workspace/devel/.private/gs_slam_msgs/include/gs_slam_msgs/camera_info.h, /home/wolftech/lxiang3.lab/Desktop/sdu6/gaussian-splatting-slam/submodules/ros_workspace/devel/include/gs_slam_msgs/camera_info.h)
Linked: (/home/wolftech/lxiang3.lab/Desktop/sdu6/gaussian-splatting-slam/submodules/ros_workspace/devel/.private/gs_slam_msgs/lib/python3/dist-packages/gs_slam_msgs/__init__.py, /home/wolftech/lxiang3.lab/Desktop/sdu6/gaussian-splatting-slam/submodules/ros_workspace/devel/lib/python3/dist-packages/gs_slam_msgs/__init__.py)
Linked: (/home/wolftech/lxiang3.lab/Desktop/sdu6/gaussian-splatting-slam/submodules/ros_workspace/devel/.private/gs_slam_msgs/lib/python3/dist-packages/gs_slam_msgs/msg/_camera_info.py, /home/wolftech/lxiang3.lab/Desktop/sdu6/gaussian-splatting-slam/submodules/ros_workspace/devel/lib/python3/dist-packages/gs_slam_msgs/msg/_camera_info.py)
Symlinking /home/wolftech/lxiang3.lab/Desktop/sdu6/gaussian-splatting-slam/submodules/ros_workspace/devel/lib/python3/dist-packages/gs_slam_msgs/msg/_visual_merged_msg.py
Linked: (/home/wolftech/lxiang3.lab/Desktop/sdu6/gaussian-splatting-slam/submodules/ros_workspace/devel/.private/gs_slam_msgs/lib/python3/dist-packages/gs_slam_msgs/msg/__init__.py, /home/wolftech/lxiang3.lab/Desktop/sdu6/gaussian-splatting-slam/submodules/ros_workspace/devel/lib/python3/dist-packages/gs_slam_msgs/msg/__init__.py)
Linked: (/home/wolftech/lxiang3.lab/Desktop/sdu6/gaussian-splatting-slam/submodules/ros_workspace/devel/.private/gs_slam_msgs/lib/pkgconfig/gs_slam_msgs.pc, /home/wolftech/lxiang3.lab/Desktop/sdu6/gaussian-splatting-slam/submodules/ros_workspace/devel/lib/pkgconfig/gs_slam_msgs.pc)
Linked: (/home/wolftech/lxiang3.lab/Desktop/sdu6/gaussian-splatting-slam/submodules/ros_workspace/devel/.private/gs_slam_msgs/share/gennodejs/ros/gs_slam_msgs/_index.js, /home/wolftech/lxiang3.lab/Desktop/sdu6/gaussian-splatting-slam/submodules/ros_workspace/devel/share/gennodejs/ros/gs_slam_msgs/_index.js)
Symlinking /home/wolftech/lxiang3.lab/Desktop/sdu6/gaussian-splatting-slam/submodules/ros_workspace/devel/share/gennodejs/ros/gs_slam_msgs/msg/visual_merged_msg.js
Linked: (/home/wolftech/lxiang3.lab/Desktop/sdu6/gaussian-splatting-slam/submodules/ros_workspace/devel/.private/gs_slam_msgs/share/gennodejs/ros/gs_slam_msgs/msg/camera_info.js, /home/wolftech/lxiang3.lab/Desktop/sdu6/gaussian-splatting-slam/submodules/ros_workspace/devel/share/gennodejs/ros/gs_slam_msgs/msg/camera_info.js)
Linked: (/home/wolftech/lxiang3.lab/Desktop/sdu6/gaussian-splatting-slam/submodules/ros_workspace/devel/.private/gs_slam_msgs/share/gennodejs/ros/gs_slam_msgs/msg/_index.js, /home/wolftech/lxiang3.lab/Desktop/sdu6/gaussian-splatting-slam/submodules/ros_workspace/devel/share/gennodejs/ros/gs_slam_msgs/msg/_index.js)
Linked: (/home/wolftech/lxiang3.lab/Desktop/sdu6/gaussian-splatting-slam/submodules/ros_workspace/devel/.private/gs_slam_msgs/share/common-lisp/ros/gs_slam_msgs/msg/_package_camera_info.lisp, /home/wolftech/lxiang3.lab/Desktop/sdu6/gaussian-splatting-slam/submodules/ros_workspace/devel/share/common-lisp/ros/gs_slam_msgs/msg/_package_camera_info.lisp)
Linked: (/home/wolftech/lxiang3.lab/Desktop/sdu6/gaussian-splatting-slam/submodules/ros_workspace/devel/.private/gs_slam_msgs/share/common-lisp/ros/gs_slam_msgs/msg/gs_slam_msgs-msg.asd, /home/wolftech/lxiang3.lab/Desktop/sdu6/gaussian-splatting-slam/submodules/ros_workspace/devel/share/common-lisp/ros/gs_slam_msgs/msg/gs_slam_msgs-msg.asd)
Symlinking /home/wolftech/lxiang3.lab/Desktop/sdu6/gaussian-splatting-slam/submodules/ros_workspace/devel/share/common-lisp/ros/gs_slam_msgs/msg/_package_visual_merged_msg.lisp
Linked: (/home/wolftech/lxiang3.lab/Desktop/sdu6/gaussian-splatting-slam/submodules/ros_workspace/devel/.private/gs_slam_msgs/share/common-lisp/ros/gs_slam_msgs/msg/_package.lisp, /home/wolftech/lxiang3.lab/Desktop/sdu6/gaussian-splatting-slam/submodules/ros_workspace/devel/share/common-lisp/ros/gs_slam_msgs/msg/_package.lisp)
Linked: (/home/wolftech/lxiang3.lab/Desktop/sdu6/gaussian-splatting-slam/submodules/ros_workspace/devel/.private/gs_slam_msgs/share/common-lisp/ros/gs_slam_msgs/msg/camera_info.lisp, /home/wolftech/lxiang3.lab/Desktop/sdu6/gaussian-splatting-slam/submodules/ros_workspace/devel/share/common-lisp/ros/gs_slam_msgs/msg/camera_info.lisp)
Symlinking /home/wolftech/lxiang3.lab/Desktop/sdu6/gaussian-splatting-slam/submodules/ros_workspace/devel/share/common-lisp/ros/gs_slam_msgs/msg/visual_merged_msg.lisp
Linked: (/home/wolftech/lxiang3.lab/Desktop/sdu6/gaussian-splatting-slam/submodules/ros_workspace/devel/.private/gs_slam_msgs/share/gs_slam_msgs/cmake/gs_slam_msgsConfig-version.cmake, /home/wolftech/lxiang3.lab/Desktop/sdu6/gaussian-splatting-slam/submodules/ros_workspace/devel/share/gs_slam_msgs/cmake/gs_slam_msgsConfig-version.cmake)
Linked: (/home/wolftech/lxiang3.lab/Desktop/sdu6/gaussian-splatting-slam/submodules/ros_workspace/devel/.private/gs_slam_msgs/share/gs_slam_msgs/cmake/gs_slam_msgs-msg-paths.cmake, /home/wolftech/lxiang3.lab/Desktop/sdu6/gaussian-splatting-slam/submodules/ros_workspace/devel/share/gs_slam_msgs/cmake/gs_slam_msgs-msg-paths.cmake)
Linked: (/home/wolftech/lxiang3.lab/Desktop/sdu6/gaussian-splatting-slam/submodules/ros_workspace/devel/.private/gs_slam_msgs/share/gs_slam_msgs/cmake/gs_slam_msgsConfig.cmake, /home/wolftech/lxiang3.lab/Desktop/sdu6/gaussian-splatting-slam/submodules/ros_workspace/devel/share/gs_slam_msgs/cmake/gs_slam_msgsConfig.cmake)
Linked: (/home/wolftech/lxiang3.lab/Desktop/sdu6/gaussian-splatting-slam/submodules/ros_workspace/devel/.private/gs_slam_msgs/share/gs_slam_msgs/cmake/gs_slam_msgs-msg-extras.cmake, /home/wolftech/lxiang3.lab/Desktop/sdu6/gaussian-splatting-slam/submodules/ros_workspace/devel/share/gs_slam_msgs/cmake/gs_slam_msgs-msg-extras.cmake)
Linked: (/home/wolftech/lxiang3.lab/Desktop/sdu6/gaussian-splatting-slam/submodules/ros_workspace/devel/.private/gs_slam_msgs/share/roseus/ros/gs_slam_msgs/manifest.l, /home/wolftech/lxiang3.lab/Desktop/sdu6/gaussian-splatting-slam/submodules/ros_workspace/devel/share/roseus/ros/gs_slam_msgs/manifest.l)
Symlinking /home/wolftech/lxiang3.lab/Desktop/sdu6/gaussian-splatting-slam/submodules/ros_workspace/devel/share/roseus/ros/gs_slam_msgs/msg/visual_merged_msg.l
Linked: (/home/wolftech/lxiang3.lab/Desktop/sdu6/gaussian-splatting-slam/submodules/ros_workspace/devel/.private/gs_slam_msgs/share/roseus/ros/gs_slam_msgs/msg/camera_info.l, /home/wolftech/lxiang3.lab/Desktop/sdu6/gaussian-splatting-slam/submodules/ros_workspace/devel/share/roseus/ros/gs_slam_msgs/msg/camera_info.l)
