[  0%] Built target geometry_msgs_generate_messages_py
[  0%] Built target geometry_msgs_generate_messages_cpp
[  0%] Built target sensor_msgs_generate_messages_py
[  0%] Built target std_msgs_generate_messages_cpp
[  0%] Built target sensor_msgs_generate_messages_cpp
[  0%] Built target std_msgs_generate_messages_py
[  0%] Built target geometry_msgs_generate_messages_eus
[  0%] Built target sensor_msgs_generate_messages_eus
[  0%] Built target geometry_msgs_generate_messages_nodejs
[  0%] Built target std_msgs_generate_messages_lisp
[  0%] Built target sensor_msgs_generate_messages_lisp
[  0%] Built target std_msgs_generate_messages_eus
[  0%] Built target geometry_msgs_generate_messages_lisp
[  0%] Built target std_msgs_generate_messages_nodejs
[  0%] Built target sensor_msgs_generate_messages_nodejs
[  0%] Built target _gs_slam_msgs_generate_messages_check_deps_visual_merged_msg
[ 28%] Built target gs_slam_msgs_generate_messages_eus
[ 57%] Built target gs_slam_msgs_generate_messages_cpp
[ 71%] Built target gs_slam_msgs_generate_messages_py
[100%] Built target gs_slam_msgs_generate_messages_lisp
[100%] Built target gs_slam_msgs_generate_messages_nodejs
[100%] Built target gs_slam_msgs_generate_messages
